<?xml version="1.0" encoding="UTF-8"?>
<!-- Generated by org.testng.reporters.JUnitXMLReporter -->
<testsuite hostname="DESKTOP-NF7LGVO" ignored="0" name="SanityTests" tests="6" failures="0" timestamp="03 Aug 2017 01:57:39 GMT" time="0.063" errors="0">
  <testcase name="addVendor" time="0.0" classname="com.test.functional.UserLogin"/>
  <testcase name="addProduct" time="0.0" classname="com.test.functional.UserLogin"/>
  <testcase name="addCurrency" time="0.0" classname="com.test.functional.UserLogin"/>
  <testcase name="deleteVendor" time="0.0" classname="com.test.functional.UserRegistration"/>
  <testcase name="deleteProduct" time="0.0" classname="com.test.functional.UserRegistration"/>
  <testcase name="deleteCurrency" time="0.0" classname="com.test.functional.UserRegistration"/>
</testsuite> <!-- SanityTests -->
