<?xml version="1.0" encoding="UTF-8"?>
<!-- Generated by org.testng.reporters.JUnitXMLReporter -->
<testsuite hostname="DESKTOP-NF7LGVO" ignored="0" name="Default test" tests="3" failures="0" timestamp="03 Aug 2017 01:57:14 GMT" time="0.038" errors="0">
  <testcase name="deleteVendor" time="0.0" classname="com.test.functional.UserRegistration"/>
  <testcase name="deleteProduct" time="0.0" classname="com.test.functional.UserRegistration"/>
  <testcase name="deleteCurrency" time="0.0" classname="com.test.functional.UserRegistration"/>
</testsuite> <!-- Default test -->
