<?xml version="1.0" encoding="UTF-8"?>
<testng-results skipped="0" failed="0" ignored="0" total="1" passed="1">
  <reporter-output>
  </reporter-output>
  <suite name="Default suite" duration-ms="19112" started-at="2017-08-12T01:32:36Z" finished-at="2017-08-12T01:32:55Z">
    <groups>
    </groups>
    <test name="Default test" duration-ms="19112" started-at="2017-08-12T01:32:36Z" finished-at="2017-08-12T01:32:55Z">
      <class name="com.test.automation.uiAutomation.homepage.TC001_VerifyLoginWithInvalidCredentials">
        <test-method status="PASS" signature="setUp()[pri:0, instance:com.test.automation.uiAutomation.homepage.TC001_VerifyLoginWithInvalidCredentials@7d9d1a19]" name="setUp" is-config="true" duration-ms="10348" started-at="2017-08-11T21:32:36Z" finished-at="2017-08-11T21:32:46Z">
          <reporter-output>
          </reporter-output>
        </test-method> <!-- setUp -->
        <test-method status="PASS" signature="verifyLoginWithInvalidCredentials()[pri:0, instance:com.test.automation.uiAutomation.homepage.TC001_VerifyLoginWithInvalidCredentials@7d9d1a19]" name="verifyLoginWithInvalidCredentials" duration-ms="7456" started-at="2017-08-11T21:32:46Z" finished-at="2017-08-11T21:32:54Z">
          <reporter-output>
          </reporter-output>
        </test-method> <!-- verifyLoginWithInvalidCredentials -->
        <test-method status="PASS" signature="endTest()[pri:0, instance:com.test.automation.uiAutomation.homepage.TC001_VerifyLoginWithInvalidCredentials@7d9d1a19]" name="endTest" is-config="true" duration-ms="1274" started-at="2017-08-11T21:32:54Z" finished-at="2017-08-11T21:32:55Z">
          <reporter-output>
          </reporter-output>
        </test-method> <!-- endTest -->
      </class> <!-- com.test.automation.uiAutomation.homepage.TC001_VerifyLoginWithInvalidCredentials -->
    </test> <!-- Default test -->
  </suite> <!-- Default suite -->
</testng-results>
