<?xml version="1.0" encoding="UTF-8"?>
<!-- Generated by org.testng.reporters.JUnitXMLReporter -->
<testsuite hostname="DESKTOP-NF7LGVO" ignored="0" name="TC001_VerifyLoginWithInvalidCredentials" tests="1" failures="0" timestamp="13 Aug 2017 21:12:48 GMT" time="34.328" errors="0">
  <testcase name="verifyLoginWithInvalidCredentials" time="8.868" classname="com.test.automation.uiAutomation.homepage.TC001_VerifyLoginWithInvalidCredentials"/>
</testsuite> <!-- TC001_VerifyLoginWithInvalidCredentials -->
