<?xml version="1.0" encoding="UTF-8"?>
<!-- Generated by org.testng.reporters.JUnitXMLReporter -->
<testsuite hostname="DESKTOP-NF7LGVO" ignored="0" name="Default test" tests="3" failures="0" timestamp="11 Aug 2017 05:04:22 GMT" time="41.17" errors="0">
  <testcase name="login" time="14.21" classname="sanitytests.DataDrivenUserLogin"/>
  <testcase name="login" time="13.944" classname="sanitytests.DataDrivenUserLogin"/>
  <testcase name="login" time="12.846" classname="sanitytests.DataDrivenUserLogin"/>
</testsuite> <!-- Default test -->
